<?xml version="1.0" encoding="UTF-8"?>
<coverage generated="1520621996545" clover="3.2.0">
  <project timestamp="1520621996545" name="All files">
    <metrics statements="12" coveredstatements="12" conditionals="2" coveredconditionals="2" methods="2" coveredmethods="2" elements="16" coveredelements="16" complexity="0" loc="12" ncloc="12" packages="1" files="1" classes="1">
      <file name="solution.js" path="/home/ncarignan/cf/codeWars/__test__/maximumSumRange/solution.js">
        <metrics statements="12" coveredstatements="12" conditionals="2" coveredconditionals="2" methods="2" coveredmethods="2"/>
        <line num="1" count="1" type="stmt"/>
        <line num="2" count="3" type="stmt"/>
        <line num="3" count="3" type="stmt"/>
        <line num="4" count="3" type="stmt"/>
        <line num="5" count="6" type="stmt"/>
        <line num="6" count="6" type="stmt"/>
        <line num="8" count="6" type="stmt"/>
        <line num="9" count="6" type="stmt"/>
        <line num="10" count="22" type="stmt"/>
        <line num="12" count="6" type="cond" truecount="2" falsecount="0"/>
        <line num="15" count="3" type="stmt"/>
        <line num="22" count="1" type="stmt"/>
      </file>
    </metrics>
  </project>
</coverage>
